mode: atomic
github.com/stricture/stricture/internal/rules/conv/file_header.go:15.43,15.72 1 3
github.com/stricture/stricture/internal/rules/conv/file_header.go:16.43,16.60 1 1
github.com/stricture/stricture/internal/rules/conv/file_header.go:17.43,17.84 1 0
github.com/stricture/stricture/internal/rules/conv/file_header.go:18.35,20.2 1 0
github.com/stricture/stricture/internal/rules/conv/file_header.go:21.49,21.67 1 2
github.com/stricture/stricture/internal/rules/conv/file_header.go:22.49,22.65 1 0
github.com/stricture/stricture/internal/rules/conv/file_header.go:24.132,28.29 4 4
github.com/stricture/stricture/internal/rules/conv/file_header.go:28.29,30.20 2 4
github.com/stricture/stricture/internal/rules/conv/file_header.go:30.20,31.12 1 0
github.com/stricture/stricture/internal/rules/conv/file_header.go:33.3,34.8 2 4
github.com/stricture/stricture/internal/rules/conv/file_header.go:37.2,39.50 3 4
github.com/stricture/stricture/internal/rules/conv/file_header.go:39.50,41.3 1 2
github.com/stricture/stricture/internal/rules/conv/file_header.go:43.2,44.20 2 2
github.com/stricture/stricture/internal/rules/conv/file_header.go:44.20,46.3 1 2
github.com/stricture/stricture/internal/rules/conv/file_header.go:48.2,59.3 1 2
github.com/stricture/stricture/internal/rules/conv/file_naming.go:56.48,56.77 1 1
github.com/stricture/stricture/internal/rules/conv/file_naming.go:57.49,57.66 1 1
github.com/stricture/stricture/internal/rules/conv/file_naming.go:58.49,58.92 1 1
github.com/stricture/stricture/internal/rules/conv/file_naming.go:59.49,59.67 1 34
github.com/stricture/stricture/internal/rules/conv/file_naming.go:60.49,60.65 1 1
github.com/stricture/stricture/internal/rules/conv/file_naming.go:62.35,64.2 1 1
github.com/stricture/stricture/internal/rules/conv/file_naming.go:67.126,69.22 2 63
github.com/stricture/stricture/internal/rules/conv/file_naming.go:69.22,71.3 1 2
github.com/stricture/stricture/internal/rules/conv/file_naming.go:73.2,74.9 2 61
github.com/stricture/stricture/internal/rules/conv/file_naming.go:74.9,76.3 1 0
github.com/stricture/stricture/internal/rules/conv/file_naming.go:78.2,79.20 2 61
github.com/stricture/stricture/internal/rules/conv/file_naming.go:79.20,81.3 1 0
github.com/stricture/stricture/internal/rules/conv/file_naming.go:83.2,83.35 1 61
github.com/stricture/stricture/internal/rules/conv/file_naming.go:83.35,85.3 1 27
github.com/stricture/stricture/internal/rules/conv/file_naming.go:87.2,88.20 2 34
github.com/stricture/stricture/internal/rules/conv/file_naming.go:88.20,90.3 1 33
github.com/stricture/stricture/internal/rules/conv/file_naming.go:92.2,109.3 3 34
github.com/stricture/stricture/internal/rules/conv/file_naming.go:114.73,115.27 1 63
github.com/stricture/stricture/internal/rules/conv/file_naming.go:115.27,116.47 1 61
github.com/stricture/stricture/internal/rules/conv/file_naming.go:116.47,117.46 1 50
github.com/stricture/stricture/internal/rules/conv/file_naming.go:117.46,119.5 1 50
github.com/stricture/stricture/internal/rules/conv/file_naming.go:122.2,122.52 1 13
github.com/stricture/stricture/internal/rules/conv/file_naming.go:127.42,131.38 2 71
github.com/stricture/stricture/internal/rules/conv/file_naming.go:131.38,132.39 1 879
github.com/stricture/stricture/internal/rules/conv/file_naming.go:132.39,134.4 1 13
github.com/stricture/stricture/internal/rules/conv/file_naming.go:138.2,139.15 2 58
github.com/stricture/stricture/internal/rules/conv/file_naming.go:139.15,141.3 1 57
github.com/stricture/stricture/internal/rules/conv/file_naming.go:143.2,143.17 1 1
github.com/stricture/stricture/internal/rules/conv/file_naming.go:148.64,152.38 2 34
github.com/stricture/stricture/internal/rules/conv/file_naming.go:152.38,153.39 1 433
github.com/stricture/stricture/internal/rules/conv/file_naming.go:153.39,155.4 1 5
github.com/stricture/stricture/internal/rules/conv/file_naming.go:159.2,160.28 2 29
github.com/stricture/stricture/internal/rules/conv/file_naming.go:164.65,166.21 2 43
github.com/stricture/stricture/internal/rules/conv/file_naming.go:166.21,168.3 1 0
github.com/stricture/stricture/internal/rules/conv/file_naming.go:170.2,170.20 1 43
github.com/stricture/stricture/internal/rules/conv/file_naming.go:171.22,172.26 1 22
github.com/stricture/stricture/internal/rules/conv/file_naming.go:173.22,174.26 1 9
github.com/stricture/stricture/internal/rules/conv/file_naming.go:175.22,176.26 1 5
github.com/stricture/stricture/internal/rules/conv/file_naming.go:177.23,178.27 1 7
github.com/stricture/stricture/internal/rules/conv/file_naming.go:179.10,180.14 1 0
github.com/stricture/stricture/internal/rules/conv/file_naming.go:188.43,190.33 1 51
github.com/stricture/stricture/internal/rules/conv/file_naming.go:190.33,192.3 1 9
github.com/stricture/stricture/internal/rules/conv/file_naming.go:193.2,193.33 1 42
github.com/stricture/stricture/internal/rules/conv/file_naming.go:193.33,195.3 1 9
github.com/stricture/stricture/internal/rules/conv/file_naming.go:198.2,198.37 1 33
github.com/stricture/stricture/internal/rules/conv/file_naming.go:202.54,205.26 3 18
github.com/stricture/stricture/internal/rules/conv/file_naming.go:205.26,207.14 2 36
github.com/stricture/stricture/internal/rules/conv/file_naming.go:207.14,209.4 1 36
github.com/stricture/stricture/internal/rules/conv/file_naming.go:211.2,211.14 1 18
github.com/stricture/stricture/internal/rules/conv/file_naming.go:218.51,219.16 1 33
github.com/stricture/stricture/internal/rules/conv/file_naming.go:219.16,221.3 1 0
github.com/stricture/stricture/internal/rules/conv/file_naming.go:223.2,227.34 4 33
github.com/stricture/stricture/internal/rules/conv/file_naming.go:227.34,228.30 1 297
github.com/stricture/stricture/internal/rules/conv/file_naming.go:228.30,230.18 2 33
github.com/stricture/stricture/internal/rules/conv/file_naming.go:230.18,232.5 1 33
github.com/stricture/stricture/internal/rules/conv/file_naming.go:233.4,233.17 1 33
github.com/stricture/stricture/internal/rules/conv/file_naming.go:238.2,239.16 2 33
github.com/stricture/stricture/internal/rules/conv/file_naming.go:239.16,241.3 1 33
github.com/stricture/stricture/internal/rules/conv/file_naming.go:243.2,243.14 1 33
github.com/stricture/stricture/internal/rules/conv/file_naming.go:247.46,252.52 3 297
github.com/stricture/stricture/internal/rules/conv/file_naming.go:252.52,254.3 1 27
github.com/stricture/stricture/internal/rules/conv/file_naming.go:258.2,258.103 1 270
github.com/stricture/stricture/internal/rules/conv/file_naming.go:258.103,260.3 1 2
github.com/stricture/stricture/internal/rules/conv/file_naming.go:263.2,263.53 1 268
github.com/stricture/stricture/internal/rules/conv/file_naming.go:263.53,265.3 1 2
github.com/stricture/stricture/internal/rules/conv/file_naming.go:266.2,266.53 1 266
github.com/stricture/stricture/internal/rules/conv/file_naming.go:266.53,268.3 1 2
github.com/stricture/stricture/internal/rules/conv/file_naming.go:270.2,270.14 1 264
github.com/stricture/stricture/internal/rules/conv/file_naming.go:274.39,276.2 1 22
github.com/stricture/stricture/internal/rules/conv/file_naming.go:279.39,281.2 1 9
github.com/stricture/stricture/internal/rules/conv/file_naming.go:284.39,285.21 1 5
github.com/stricture/stricture/internal/rules/conv/file_naming.go:285.21,287.3 1 0
github.com/stricture/stricture/internal/rules/conv/file_naming.go:288.2,289.30 2 5
github.com/stricture/stricture/internal/rules/conv/file_naming.go:289.30,291.3 1 5
github.com/stricture/stricture/internal/rules/conv/file_naming.go:292.2,292.15 1 5
github.com/stricture/stricture/internal/rules/conv/file_naming.go:296.40,298.26 2 7
github.com/stricture/stricture/internal/rules/conv/file_naming.go:298.26,300.3 1 13
github.com/stricture/stricture/internal/rules/conv/file_naming.go:301.2,301.15 1 7
github.com/stricture/stricture/internal/rules/conv/file_naming.go:305.34,306.13 1 18
github.com/stricture/stricture/internal/rules/conv/file_naming.go:306.13,308.3 1 0
github.com/stricture/stricture/internal/rules/conv/file_naming.go:309.2,311.22 3 18
github.com/stricture/stricture/cmd/stricture/main.go:19.13,20.22 1 0
github.com/stricture/stricture/cmd/stricture/main.go:20.22,23.3 2 0
github.com/stricture/stricture/cmd/stricture/main.go:25.2,25.20 1 0
github.com/stricture/stricture/cmd/stricture/main.go:26.17,27.26 1 0
github.com/stricture/stricture/cmd/stricture/main.go:28.20,29.17 1 0
github.com/stricture/stricture/cmd/stricture/main.go:30.25,31.33 1 0
github.com/stricture/stricture/cmd/stricture/main.go:32.14,33.23 1 0
github.com/stricture/stricture/cmd/stricture/main.go:34.42,35.48 1 0
github.com/stricture/stricture/cmd/stricture/main.go:36.33,37.15 1 0
github.com/stricture/stricture/cmd/stricture/main.go:38.10,40.23 1 0
github.com/stricture/stricture/cmd/stricture/main.go:45.19,60.2 14 0
github.com/stricture/stricture/cmd/stricture/main.go:63.29,75.28 11 0
github.com/stricture/stricture/cmd/stricture/main.go:75.28,78.3 2 0
github.com/stricture/stricture/cmd/stricture/main.go:80.2,80.23 1 0
github.com/stricture/stricture/cmd/stricture/main.go:80.23,93.45 4 0
github.com/stricture/stricture/cmd/stricture/main.go:93.45,96.4 2 0
github.com/stricture/stricture/cmd/stricture/main.go:97.3,97.9 1 0
github.com/stricture/stricture/cmd/stricture/main.go:100.2,101.42 1 0
github.com/stricture/stricture/cmd/stricture/main.go:105.32,107.20 2 0
github.com/stricture/stricture/cmd/stricture/main.go:107.20,113.3 5 0
github.com/stricture/stricture/cmd/stricture/main.go:114.2,116.20 2 0
github.com/stricture/stricture/cmd/stricture/main.go:116.20,120.3 3 0
github.com/stricture/stricture/cmd/stricture/main.go:122.2,123.53 2 0
github.com/stricture/stricture/cmd/stricture/main.go:123.53,126.3 2 0
github.com/stricture/stricture/cmd/stricture/main.go:129.2,135.16 3 0
github.com/stricture/stricture/cmd/stricture/main.go:135.16,138.3 2 0
github.com/stricture/stricture/cmd/stricture/main.go:139.2,139.26 1 0
github.com/stricture/stricture/cmd/stricture/main.go:143.21,149.35 5 0
github.com/stricture/stricture/cmd/stricture/main.go:149.35,152.3 1 0
github.com/stricture/stricture/cmd/stricture/main.go:153.2,154.61 2 0
github.com/stricture/stricture/cmd/stricture/main.go:158.39,160.20 2 0
github.com/stricture/stricture/cmd/stricture/main.go:160.20,165.3 4 0
github.com/stricture/stricture/cmd/stricture/main.go:166.2,169.19 3 0
github.com/stricture/stricture/cmd/stricture/main.go:169.19,171.3 1 0
github.com/stricture/stricture/cmd/stricture/main.go:173.2,174.16 2 0
github.com/stricture/stricture/cmd/stricture/main.go:174.16,177.3 2 0
github.com/stricture/stricture/cmd/stricture/main.go:179.2,183.51 2 0
github.com/stricture/stricture/cmd/stricture/main.go:183.51,186.3 2 0
github.com/stricture/stricture/cmd/stricture/main.go:188.2,190.28 3 0
github.com/stricture/stricture/cmd/stricture/main.go:190.28,191.38 1 0
github.com/stricture/stricture/cmd/stricture/main.go:191.38,193.4 1 0
github.com/stricture/stricture/cmd/stricture/main.go:196.2,196.22 1 0
github.com/stricture/stricture/cmd/stricture/main.go:196.22,200.3 2 0
github.com/stricture/stricture/cmd/stricture/main.go:202.2,202.89 1 0
github.com/stricture/stricture/cmd/stricture/main.go:206.42,211.2 4 0
github.com/stricture/stricture/cmd/stricture/main.go:220.41,221.38 1 0
github.com/stricture/stricture/cmd/stricture/main.go:221.38,222.35 1 0
github.com/stricture/stricture/cmd/stricture/main.go:222.35,224.4 1 0
github.com/stricture/stricture/cmd/stricture/main.go:226.2,226.18 1 0
